This is pdfTeX, Version 3.14159265-2.6-1.40.20 (MiKTeX 2.9.7140 64-bit) (preloaded format=pdflatex 2019.9.2)  9 OCT 2019 13:58
entering extended mode
**./Geräteklassifizierung.tex
(Geräteklassifizierung.tex
LaTeX2e <2018-12-01>

("C:\Users\Benjamin A. Zeliska\AppData\Local\Programs\MiKTeX 2.9\tex/latex/base
\article.cls"
Document Class: article 2018/09/03 v1.4i Standard LaTeX document class

("C:\Users\Benjamin A. Zeliska\AppData\Local\Programs\MiKTeX 2.9\tex/latex/base
\size10.clo"
File: size10.clo 2018/09/03 v1.4i Standard LaTeX file (size option)
)
\c@part=\count80
\c@section=\count81
\c@subsection=\count82
\c@subsubsection=\count83
\c@paragraph=\count84
\c@subparagraph=\count85
\c@figure=\count86
\c@table=\count87
\abovecaptionskip=\skip41
\belowcaptionskip=\skip42
\bibindent=\dimen102
)
("C:\Users\Benjamin A. Zeliska\AppData\Local\Programs\MiKTeX 2.9\tex/latex/base
\fontenc.sty"
Package: fontenc 2018/08/11 v2.0j Standard LaTeX package

("C:\Users\Benjamin A. Zeliska\AppData\Local\Programs\MiKTeX 2.9\tex/latex/base
\t1enc.def"
File: t1enc.def 2018/08/11 v2.0j Standard LaTeX file
LaTeX Font Info:    Redeclaring font encoding T1 on input line 48.
))
("C:\Users\Benjamin A. Zeliska\AppData\Local\Programs\MiKTeX 2.9\tex/generic/ge
rman\ngerman.sty" v2.5e 1998-07-08
Package: ngerman 1998/07/08 v2.5e Support for writing german texts (br)
\grmnU@D=\dimen103
ngerman -- \language number for naustrian undefined, default 50 used.
)
("C:\Users\Benjamin A. Zeliska\AppData\Local\Programs\MiKTeX 2.9\tex/latex/base
\inputenc.sty"
Package: inputenc 2018/08/11 v1.3c Input encoding file
\inpenc@prehook=\toks14
\inpenc@posthook=\toks15
)
("C:\Users\Benjamin A. Zeliska\AppData\Local\Programs\MiKTeX 2.9\tex/latex/ulem
\ulem.sty"
\UL@box=\box27
\UL@hyphenbox=\box28
\UL@skip=\skip43
\UL@hook=\toks16
\UL@height=\dimen104
\UL@pe=\count88
\UL@pixel=\dimen105
\ULC@box=\box29
Package: ulem 2012/05/18
\ULdepth=\dimen106
)
("C:\Users\Benjamin A. Zeliska\AppData\Local\Programs\MiKTeX 2.9\tex/latex/capt
ion\caption.sty"
Package: caption 2019/08/29 v3.3b Customizing captions (AR)

("C:\Users\Benjamin A. Zeliska\AppData\Local\Programs\MiKTeX 2.9\tex/latex/capt
ion\caption3.sty"
Package: caption3 2018/09/12 v1.8c caption3 kernel (AR)
Package caption3 Info: TeX engine: e-TeX on input line 64.

("C:\Users\Benjamin A. Zeliska\AppData\Local\Programs\MiKTeX 2.9\tex/latex/grap
hics\keyval.sty"
Package: keyval 2014/10/28 v1.15 key=value parser (DPC)
\KV@toks@=\toks17
)
\captionmargin=\dimen107
\captionmargin@=\dimen108
\captionwidth=\dimen109
\caption@tempdima=\dimen110
\caption@indent=\dimen111
\caption@parindent=\dimen112
\caption@hangindent=\dimen113
)
\c@caption@flags=\count89
\c@ContinuedFloat=\count90
)
("C:\Users\Benjamin A. Zeliska\AppData\Local\Programs\MiKTeX 2.9\tex/latex/grap
hics\graphicx.sty"
Package: graphicx 2017/06/01 v1.1a Enhanced LaTeX Graphics (DPC,SPQR)

("C:\Users\Benjamin A. Zeliska\AppData\Local\Programs\MiKTeX 2.9\tex/latex/grap
hics\graphics.sty"
Package: graphics 2017/06/25 v1.2c Standard LaTeX Graphics (DPC,SPQR)

("C:\Users\Benjamin A. Zeliska\AppData\Local\Programs\MiKTeX 2.9\tex/latex/grap
hics\trig.sty"
Package: trig 2016/01/03 v1.10 sin cos tan (DPC)
)
("C:\Users\Benjamin A. Zeliska\AppData\Local\Programs\MiKTeX 2.9\tex/latex/grap
hics-cfg\graphics.cfg"
File: graphics.cfg 2016/06/04 v1.11 sample graphics configuration
)
Package graphics Info: Driver file: pdftex.def on input line 99.

("C:\Users\Benjamin A. Zeliska\AppData\Local\Programs\MiKTeX 2.9\tex/latex/grap
hics-def\pdftex.def"
File: pdftex.def 2018/01/08 v1.0l Graphics/color driver for pdftex
))
\Gin@req@height=\dimen114
\Gin@req@width=\dimen115
)
("C:\Users\Benjamin A. Zeliska\AppData\Local\Programs\MiKTeX 2.9\tex/latex/mwe\
mwe.sty"
Package: mwe 2018/03/30 v0.5 Package to support minimal working examples (MWE)

("C:\Users\Benjamin A. Zeliska\AppData\Local\Programs\MiKTeX 2.9\tex/latex/lips
um\lipsum.sty"
("C:\Users\Benjamin A. Zeliska\AppData\Local\Programs\MiKTeX 2.9\tex/latex/l3ke
rnel\expl3.sty"
Package: expl3 2019-08-25 L3 programming layer (loader) 

("C:\Users\Benjamin A. Zeliska\AppData\Local\Programs\MiKTeX 2.9\tex/latex/l3ke
rnel\expl3-code.tex"
Package: expl3 2019-08-25 L3 programming layer (code)
\c_max_int=\count91
\l_tmpa_int=\count92
\l_tmpb_int=\count93
\g_tmpa_int=\count94
\g_tmpb_int=\count95
\g__kernel_prg_map_int=\count96
\c__ior_term_noprompt_ior=\count97
\c_log_iow=\count98
\l_iow_line_count_int=\count99
\l__iow_line_target_int=\count100
\l__iow_one_indent_int=\count101
\l__iow_indent_int=\count102
\c_zero_dim=\dimen116
\c_max_dim=\dimen117
\l_tmpa_dim=\dimen118
\l_tmpb_dim=\dimen119
\g_tmpa_dim=\dimen120
\g_tmpb_dim=\dimen121
\c_zero_skip=\skip44
\c_max_skip=\skip45
\l_tmpa_skip=\skip46
\l_tmpb_skip=\skip47
\g_tmpa_skip=\skip48
\g_tmpb_skip=\skip49
\c_zero_muskip=\muskip10
\c_max_muskip=\muskip11
\l_tmpa_muskip=\muskip12
\l_tmpb_muskip=\muskip13
\g_tmpa_muskip=\muskip14
\g_tmpb_muskip=\muskip15
\l_keys_choice_int=\count103
\l__intarray_loop_int=\count104
\c__intarray_sp_dim=\dimen122
\g__intarray_font_int=\count105
\c__fp_leading_shift_int=\count106
\c__fp_middle_shift_int=\count107
\c__fp_trailing_shift_int=\count108
\c__fp_big_leading_shift_int=\count109
\c__fp_big_middle_shift_int=\count110
\c__fp_big_trailing_shift_int=\count111
\c__fp_Bigg_leading_shift_int=\count112
\c__fp_Bigg_middle_shift_int=\count113
\c__fp_Bigg_trailing_shift_int=\count114
\c__kernel_randint_max_int=\count115
\g__fp_array_int=\count116
\l__fp_array_loop_int=\count117
\l__sort_length_int=\count118
\l__sort_min_int=\count119
\l__sort_top_int=\count120
\l__sort_max_int=\count121
\l__sort_true_max_int=\count122
\l__sort_block_int=\count123
\l__sort_begin_int=\count124
\l__sort_end_int=\count125
\l__sort_A_int=\count126
\l__sort_B_int=\count127
\l__sort_C_int=\count128
\l__str_internal_int=\count129
\c__str_replacement_char_int=\count130
\l__tl_analysis_normal_int=\count131
\l__tl_analysis_index_int=\count132
\l__tl_analysis_nesting_int=\count133
\l__tl_analysis_type_int=\count134
\l__regex_internal_a_int=\count135
\l__regex_internal_b_int=\count136
\l__regex_internal_c_int=\count137
\l__regex_balance_int=\count138
\l__regex_group_level_int=\count139
\l__regex_mode_int=\count140
\c__regex_cs_in_class_mode_int=\count141
\c__regex_cs_mode_int=\count142
\l__regex_catcodes_int=\count143
\l__regex_default_catcodes_int=\count144
\c__regex_catcode_D_int=\count145
\c__regex_catcode_S_int=\count146
\c__regex_catcode_L_int=\count147
\c__regex_catcode_O_int=\count148
\c__regex_catcode_A_int=\count149
\c__regex_all_catcodes_int=\count150
\l__regex_show_lines_int=\count151
\l__regex_min_state_int=\count152
\l__regex_max_state_int=\count153
\l__regex_left_state_int=\count154
\l__regex_right_state_int=\count155
\l__regex_capturing_group_int=\count156
\l__regex_min_pos_int=\count157
\l__regex_max_pos_int=\count158
\l__regex_curr_pos_int=\count159
\l__regex_start_pos_int=\count160
\l__regex_success_pos_int=\count161
\l__regex_curr_char_int=\count162
\l__regex_curr_catcode_int=\count163
\l__regex_last_char_int=\count164
\l__regex_case_changed_char_int=\count165
\l__regex_curr_state_int=\count166
\l__regex_step_int=\count167
\l__regex_min_active_int=\count168
\l__regex_max_active_int=\count169
\l__regex_replacement_csnames_int=\count170
\l__regex_match_count_int=\count171
\l__regex_min_submatch_int=\count172
\l__regex_submatch_int=\count173
\l__regex_zeroth_submatch_int=\count174
\g__regex_trace_regex_int=\count175
\c_empty_box=\box30
\l_tmpa_box=\box31
\l_tmpb_box=\box32
\g_tmpa_box=\box33
\g_tmpb_box=\box34
\l__box_top_dim=\dimen123
\l__box_bottom_dim=\dimen124
\l__box_left_dim=\dimen125
\l__box_right_dim=\dimen126
\l__box_top_new_dim=\dimen127
\l__box_bottom_new_dim=\dimen128
\l__box_left_new_dim=\dimen129
\l__box_right_new_dim=\dimen130
\l__box_internal_box=\box35
\l__coffin_internal_box=\box36
\l__coffin_internal_dim=\dimen131
\l__coffin_offset_x_dim=\dimen132
\l__coffin_offset_y_dim=\dimen133
\l__coffin_x_dim=\dimen134
\l__coffin_y_dim=\dimen135
\l__coffin_x_prime_dim=\dimen136
\l__coffin_y_prime_dim=\dimen137
\c_empty_coffin=\box37
\l__coffin_aligned_coffin=\box38
\l__coffin_aligned_internal_coffin=\box39
\l_tmpa_coffin=\box40
\l_tmpb_coffin=\box41
\g_tmpa_coffin=\box42
\g_tmpb_coffin=\box43
\l__coffin_bounding_shift_dim=\dimen138
\l__coffin_left_corner_dim=\dimen139
\l__coffin_right_corner_dim=\dimen140
\l__coffin_bottom_corner_dim=\dimen141
\l__coffin_top_corner_dim=\dimen142
\l__coffin_scaled_total_height_dim=\dimen143
\l__coffin_scaled_width_dim=\dimen144
\c__coffin_empty_coffin=\box44
\l__coffin_display_coffin=\box45
\l__coffin_display_coord_coffin=\box46
\l__coffin_display_pole_coffin=\box47
\l__coffin_display_offset_dim=\dimen145
\l__coffin_display_x_dim=\dimen146
\l__coffin_display_y_dim=\dimen147
\g__file_internal_ior=\read1
\l__seq_internal_a_int=\count176
\l__seq_internal_b_int=\count177
)
("C:\Users\Benjamin A. Zeliska\AppData\Local\Programs\MiKTeX 2.9\tex/latex/l3ba
ckend\l3backend-pdfmode.def"
File: l3backend-pdfmode.def 2019-04-06 v L3 backend support: PDF mode
\l__kernel_color_stack_int=\count178
\l__pdf_internal_box=\box48
))
("C:\Users\Benjamin A. Zeliska\AppData\Local\Programs\MiKTeX 2.9\tex/latex/l3pa
ckages/xparse\xparse.sty"
Package: xparse 2019-05-28 L3 Experimental document command parser
\l__xparse_current_arg_int=\count179
\g__xparse_grabber_int=\count180
\l__xparse_m_args_int=\count181
\l__xparse_v_nesting_int=\count182
)
Package: lipsum 2019/01/02 v2.2 150 paragraphs of Lorem Ipsum dummy text

("C:\Users\Benjamin A. Zeliska\AppData\Local\Programs\MiKTeX 2.9\tex/latex/lips
um\lipsum.ltd.tex"
File: lipsum.ltd.tex 2019/01/02 v2.2 The Lorem ipsum dummy text
))
("C:\Users\Benjamin A. Zeliska\AppData\Local\Programs\MiKTeX 2.9\tex/latex/blin
dtext\blindtext.sty"
Package: blindtext 2012/01/06 V2.0 blindtext-Package

("C:\Users\Benjamin A. Zeliska\AppData\Local\Programs\MiKTeX 2.9\tex/latex/tool
s\xspace.sty"
Package: xspace 2014/10/28 v1.13 Space after command names (DPC,MH)
)
\c@blindtext=\count183
\c@Blindtext=\count184
\c@blind@countparstart=\count185
\blind@countxx=\count186
\blindtext@numBlindtext=\count187
\blind@countyy=\count188
\c@blindlist=\count189
\c@blindlistlevel=\count190
\c@blindlist@level=\count191
\blind@listitem=\count192
\c@blind@listcount=\count193
\c@blind@levelcount=\count194
\blind@mathformula=\count195
\blind@Mathformula=\count196
\c@blind@randomcount=\count197
\c@blind@randommax=\count198
\c@blind@pangramcount=\count199
\c@blind@pangrammax=\count266
))
("C:\Users\Benjamin A. Zeliska\AppData\Local\Programs\MiKTeX 2.9\tex/latex/ncct
ools\nccmath.sty"
Package: nccmath 2006/01/20 v1.3 Additional Math Commands (NCC)

("C:\Users\Benjamin A. Zeliska\AppData\Local\Programs\MiKTeX 2.9\tex/latex/amsm
ath\amsmath.sty"
Package: amsmath 2018/12/01 v2.17b AMS math features
\@mathmargin=\skip50

For additional information on amsmath, use the `?' option.

("C:\Users\Benjamin A. Zeliska\AppData\Local\Programs\MiKTeX 2.9\tex/latex/amsm
ath\amstext.sty"
Package: amstext 2000/06/29 v2.01 AMS text

("C:\Users\Benjamin A. Zeliska\AppData\Local\Programs\MiKTeX 2.9\tex/latex/amsm
ath\amsgen.sty"
File: amsgen.sty 1999/11/30 v2.0 generic functions
\@emptytoks=\toks18
\ex@=\dimen148
))
("C:\Users\Benjamin A. Zeliska\AppData\Local\Programs\MiKTeX 2.9\tex/latex/amsm
ath\amsbsy.sty"
Package: amsbsy 1999/11/29 v1.2d Bold Symbols
\pmbraise@=\dimen149
)
("C:\Users\Benjamin A. Zeliska\AppData\Local\Programs\MiKTeX 2.9\tex/latex/amsm
ath\amsopn.sty"
Package: amsopn 2016/03/08 v2.02 operator names
)
\inf@bad=\count267
LaTeX Info: Redefining \frac on input line 223.
\uproot@=\count268
\leftroot@=\count269
LaTeX Info: Redefining \overline on input line 385.
\classnum@=\count270
\DOTSCASE@=\count271
LaTeX Info: Redefining \ldots on input line 482.
LaTeX Info: Redefining \dots on input line 485.
LaTeX Info: Redefining \cdots on input line 606.
\Mathstrutbox@=\box49
\strutbox@=\box50
\big@size=\dimen150
LaTeX Font Info:    Redeclaring font encoding OML on input line 729.
LaTeX Font Info:    Redeclaring font encoding OMS on input line 730.
\macc@depth=\count272
\c@MaxMatrixCols=\count273
\dotsspace@=\muskip16
\c@parentequation=\count274
\dspbrk@lvl=\count275
\tag@help=\toks19
\row@=\count276
\column@=\count277
\maxfields@=\count278
\andhelp@=\toks20
\eqnshift@=\dimen151
\alignsep@=\dimen152
\tagshift@=\dimen153
\tagwidth@=\dimen154
\totwidth@=\dimen155
\lineht@=\dimen156
\@envbody=\toks21
\multlinegap=\skip51
\multlinetaggap=\skip52
\mathdisplay@stack=\toks22
LaTeX Info: Redefining \[ on input line 2844.
LaTeX Info: Redefining \] on input line 2845.
)
\NCC@fracrulewidth=\dimen157
)
("C:\Users\Benjamin A. Zeliska\AppData\Local\Programs\MiKTeX 2.9\tex/latex/tool
s\multicol.sty"
Package: multicol 2018/12/27 v1.8v multicolumn formatting (FMi)
\c@tracingmulticols=\count279
\mult@box=\box51
\multicol@leftmargin=\dimen158
\c@unbalance=\count280
\c@collectmore=\count281
\doublecol@number=\count282
\multicoltolerance=\count283
\multicolpretolerance=\count284
\full@width=\dimen159
\page@free=\dimen160
\premulticols=\dimen161
\postmulticols=\dimen162
\multicolsep=\skip53
\multicolbaselineskip=\skip54
\partial@page=\box52
\last@line=\box53
\maxbalancingoverflow=\dimen163
\mult@rightbox=\box54
\mult@grightbox=\box55
\mult@gfirstbox=\box56
\mult@firstbox=\box57
\@tempa=\box58
\@tempa=\box59
\@tempa=\box60
\@tempa=\box61
\@tempa=\box62
\@tempa=\box63
\@tempa=\box64
\@tempa=\box65
\@tempa=\box66
\@tempa=\box67
\@tempa=\box68
\@tempa=\box69
\@tempa=\box70
\@tempa=\box71
\@tempa=\box72
\@tempa=\box73
\@tempa=\box74
\c@columnbadness=\count285
\c@finalcolumnbadness=\count286
\last@try=\dimen164
\multicolovershoot=\dimen165
\multicolundershoot=\dimen166
\mult@nat@firstbox=\box75
\colbreak@box=\box76
\mc@col@check@num=\count287
)
("C:\Users\Benjamin A. Zeliska\AppData\Local\Programs\MiKTeX 2.9\tex/latex/math
tools\mathtools.sty"
Package: mathtools 2019/07/31 v1.22 mathematical typesetting tools

("C:\Users\Benjamin A. Zeliska\AppData\Local\Programs\MiKTeX 2.9\tex/latex/tool
s\calc.sty"
Package: calc 2017/05/25 v4.3 Infix arithmetic (KKT,FJ)
\calc@Acount=\count288
\calc@Bcount=\count289
\calc@Adimen=\dimen167
\calc@Bdimen=\dimen168
\calc@Askip=\skip55
\calc@Bskip=\skip56
LaTeX Info: Redefining \setlength on input line 80.
LaTeX Info: Redefining \addtolength on input line 81.
\calc@Ccount=\count290
\calc@Cskip=\skip57
)
("C:\Users\Benjamin A. Zeliska\AppData\Local\Programs\MiKTeX 2.9\tex/latex/math
tools\mhsetup.sty"
Package: mhsetup 2017/03/31 v1.3 programming setup (MH)
)
LaTeX Info: Thecontrolsequence`\('isalreadyrobust on input line 129.
LaTeX Info: Thecontrolsequence`\)'isalreadyrobust on input line 129.
LaTeX Info: Thecontrolsequence`\['isalreadyrobust on input line 129.
LaTeX Info: Thecontrolsequence`\]'isalreadyrobust on input line 129.
\g_MT_multlinerow_int=\count291
\l_MT_multwidth_dim=\dimen169
\origjot=\skip58
\l_MT_shortvdotswithinadjustabove_dim=\dimen170
\l_MT_shortvdotswithinadjustbelow_dim=\dimen171
\l_MT_above_intertext_sep=\dimen172
\l_MT_below_intertext_sep=\dimen173
\l_MT_above_shortintertext_sep=\dimen174
\l_MT_below_shortintertext_sep=\dimen175
)
("C:\Users\Benjamin A. Zeliska\AppData\Local\Programs\MiKTeX 2.9\tex/latex/grap
hics\color.sty"
Package: color 2016/07/10 v1.1e Standard LaTeX Color (DPC)

("C:\Users\Benjamin A. Zeliska\AppData\Local\Programs\MiKTeX 2.9\tex/latex/grap
hics-cfg\color.cfg"
File: color.cfg 2016/01/02 v1.6 sample color configuration
)
Package color Info: Driver file: pdftex.def on input line 147.
)
("C:\Users\Benjamin A. Zeliska\AppData\Local\Programs\MiKTeX 2.9\tex/latex/hype
rref\hyperref.sty"
Package: hyperref 2019/06/12 v6.88h Hypertext links for LaTeX

("C:\Users\Benjamin A. Zeliska\AppData\Local\Programs\MiKTeX 2.9\tex/generic/ob
erdiek\hobsub-hyperref.sty"
Package: hobsub-hyperref 2016/05/16 v1.14 Bundle oberdiek, subset hyperref (HO)


("C:\Users\Benjamin A. Zeliska\AppData\Local\Programs\MiKTeX 2.9\tex/generic/ob
erdiek\hobsub-generic.sty"
Package: hobsub-generic 2016/05/16 v1.14 Bundle oberdiek, subset generic (HO)
Package: hobsub 2016/05/16 v1.14 Construct package bundles (HO)
Package: infwarerr 2016/05/16 v1.4 Providing info/warning/error messages (HO)
Package: ltxcmds 2016/05/16 v1.23 LaTeX kernel commands for general use (HO)
Package: ifluatex 2016/05/16 v1.4 Provides the ifluatex switch (HO)
Package ifluatex Info: LuaTeX not detected.
Package: ifvtex 2016/05/16 v1.6 Detect VTeX and its facilities (HO)
Package ifvtex Info: VTeX not detected.
Package: intcalc 2016/05/16 v1.2 Expandable calculations with integers (HO)
Package: ifpdf 2018/09/07 v3.3 Provides the ifpdf switch
Package: etexcmds 2016/05/16 v1.6 Avoid name clashes with e-TeX commands (HO)
Package: kvsetkeys 2016/05/16 v1.17 Key value parser (HO)
Package: kvdefinekeys 2016/05/16 v1.4 Define keys (HO)
Package: pdftexcmds 2019/07/25 v0.30 Utility functions of pdfTeX for LuaTeX (HO
)
Package pdftexcmds Info: LuaTeX not detected.
Package pdftexcmds Info: \pdf@primitive is available.
Package pdftexcmds Info: \pdf@ifprimitive is available.
Package pdftexcmds Info: \pdfdraftmode found.
Package: pdfescape 2016/05/16 v1.14 Implements pdfTeX's escape features (HO)
Package: bigintcalc 2016/05/16 v1.4 Expandable calculations on big integers (HO
)
Package: bitset 2016/05/16 v1.2 Handle bit-vector datatype (HO)
Package: uniquecounter 2016/05/16 v1.3 Provide unlimited unique counter (HO)
)
Package hobsub Info: Skipping package `hobsub' (already loaded).
Package: letltxmacro 2016/05/16 v1.5 Let assignment for LaTeX macros (HO)
Package: hopatch 2016/05/16 v1.3 Wrapper for package hooks (HO)
Package: xcolor-patch 2016/05/16 xcolor patch
Package: atveryend 2016/05/16 v1.9 Hooks at the very end of document (HO)
Package atveryend Info: \enddocument detected (standard20110627).
Package: atbegshi 2016/06/09 v1.18 At begin shipout hook (HO)
Package: refcount 2016/05/16 v3.5 Data extraction from label references (HO)
Package: hycolor 2016/05/16 v1.8 Color options for hyperref/bookmark (HO)
)
("C:\Users\Benjamin A. Zeliska\AppData\Local\Programs\MiKTeX 2.9\tex/generic/if
xetex\ifxetex.sty"
Package: ifxetex 2010/09/12 v0.6 Provides ifxetex conditional
)
("C:\Users\Benjamin A. Zeliska\AppData\Local\Programs\MiKTeX 2.9\tex/latex/ober
diek\auxhook.sty"
Package: auxhook 2016/05/16 v1.4 Hooks for auxiliary files (HO)
)
("C:\Users\Benjamin A. Zeliska\AppData\Local\Programs\MiKTeX 2.9\tex/latex/ober
diek\kvoptions.sty"
Package: kvoptions 2016/05/16 v3.12 Key value format for package options (HO)
)
\@linkdim=\dimen176
\Hy@linkcounter=\count292
\Hy@pagecounter=\count293

("C:\Users\Benjamin A. Zeliska\AppData\Local\Programs\MiKTeX 2.9\tex/latex/hype
rref\pd1enc.def"
File: pd1enc.def 2019/06/12 v6.88h Hyperref: PDFDocEncoding definition (HO)
Now handling font encoding PD1 ...
... no UTF-8 mapping file for font encoding PD1
)
\Hy@SavedSpaceFactor=\count294

("C:\Users\Benjamin A. Zeliska\AppData\Local\Programs\MiKTeX 2.9\tex/latex/00mi
ktex\hyperref.cfg"
File: hyperref.cfg 2002/06/06 v1.2 hyperref configuration of TeXLive
)
Package hyperref Info: Option `final' set `true' on input line 4424.
Package hyperref Info: Hyper figures OFF on input line 4550.
Package hyperref Info: Link nesting OFF on input line 4555.
Package hyperref Info: Hyper index ON on input line 4558.
Package hyperref Info: Plain pages OFF on input line 4565.
Package hyperref Info: Backreferencing OFF on input line 4570.
Package hyperref Info: Implicit mode ON; LaTeX internals redefined.
Package hyperref Info: Bookmarks ON on input line 4803.
\c@Hy@tempcnt=\count295

("C:\Users\Benjamin A. Zeliska\AppData\Local\Programs\MiKTeX 2.9\tex/latex/url\
url.sty"
\Urlmuskip=\muskip17
Package: url 2013/09/16  ver 3.4  Verb mode for urls, etc.
)
LaTeX Info: Redefining \url on input line 5156.
\XeTeXLinkMargin=\dimen177
\Fld@menulength=\count296
\Field@Width=\dimen178
\Fld@charsize=\dimen179
Package hyperref Info: Hyper figures OFF on input line 6411.
Package hyperref Info: Link nesting OFF on input line 6416.
Package hyperref Info: Hyper index ON on input line 6419.
Package hyperref Info: backreferencing OFF on input line 6426.
Package hyperref Info: Link coloring OFF on input line 6431.
Package hyperref Info: Link coloring with OCG OFF on input line 6436.
Package hyperref Info: PDF/A mode OFF on input line 6441.
LaTeX Info: Redefining \ref on input line 6481.
LaTeX Info: Redefining \pageref on input line 6485.
\Hy@abspage=\count297
\c@Item=\count298
\c@Hfootnote=\count299
)
Package hyperref Info: Driver (autodetected): hpdftex.

("C:\Users\Benjamin A. Zeliska\AppData\Local\Programs\MiKTeX 2.9\tex/latex/hype
rref\hpdftex.def"
File: hpdftex.def 2019/06/12 v6.88h Hyperref driver for pdfTeX
\Fld@listcount=\count300
\c@bookmark@seq@number=\count301

("C:\Users\Benjamin A. Zeliska\AppData\Local\Programs\MiKTeX 2.9\tex/latex/ober
diek\rerunfilecheck.sty"
Package: rerunfilecheck 2016/05/16 v1.8 Rerun checks for auxiliary files (HO)
Package uniquecounter Info: New unique counter `rerunfilecheck' on input line 2
82.
)
\Hy@SectionHShift=\skip59
)
("C:\Users\Benjamin A. Zeliska\AppData\Local\Programs\MiKTeX 2.9\tex/latex/tool
s\tabularx.sty"
Package: tabularx 2016/02/03 v2.11b `tabularx' package (DPC)

("C:\Users\Benjamin A. Zeliska\AppData\Local\Programs\MiKTeX 2.9\tex/latex/tool
s\array.sty"
Package: array 2018/12/30 v2.4k Tabular extension package (FMi)
\col@sep=\dimen180
\ar@mcellbox=\box77
\extrarowheight=\dimen181
\NC@list=\toks23
\extratabsurround=\skip60
\backup@length=\skip61
\ar@cellbox=\box78
)
\TX@col@width=\dimen182
\TX@old@table=\dimen183
\TX@old@col=\dimen184
\TX@target=\dimen185
\TX@delta=\dimen186
\TX@cols=\count302
\TX@ftn=\toks24
)
("C:\Users\Benjamin A. Zeliska\AppData\Local\Programs\MiKTeX 2.9\tex/latex/mult
irow\multirow.sty"
Package: multirow 2019/05/31 v2.5 Span multiple rows of a table
\multirow@colwidth=\skip62
\multirow@cntb=\count303
\multirow@dima=\skip63
\bigstrutjot=\dimen187
)
("C:\Users\Benjamin A. Zeliska\AppData\Local\Programs\MiKTeX 2.9\tex/latex/list
ings\listings.sty"
\lst@mode=\count304
\lst@gtempboxa=\box79
\lst@token=\toks25
\lst@length=\count305
\lst@currlwidth=\dimen188
\lst@column=\count306
\lst@pos=\count307
\lst@lostspace=\dimen189
\lst@width=\dimen190
\lst@newlines=\count308
\lst@lineno=\count309
\lst@maxwidth=\dimen191

("C:\Users\Benjamin A. Zeliska\AppData\Local\Programs\MiKTeX 2.9\tex/latex/list
ings\lstmisc.sty"
File: lstmisc.sty 2019/02/27 1.8b (Carsten Heinz)
\c@lstnumber=\count310
\lst@skipnumbers=\count311
\lst@framebox=\box80
)
("C:\Users\Benjamin A. Zeliska\AppData\Local\Programs\MiKTeX 2.9\tex/latex/list
ings\listings.cfg"
File: listings.cfg 2019/02/27 1.8b listings configuration
))
Package: listings 2019/02/27 1.8b (Carsten Heinz)

("C:\Users\Benjamin A. Zeliska\AppData\Local\Programs\MiKTeX 2.9\tex/latex/ober
diek\epstopdf.sty"
Package: epstopdf 2016/05/15 v2.6 Conversion with epstopdf on the fly (HO)

("C:\Users\Benjamin A. Zeliska\AppData\Local\Programs\MiKTeX 2.9\tex/latex/ober
diek\epstopdf-base.sty"
Package: epstopdf-base 2016/05/15 v2.6 Base part for package epstopdf

("C:\Users\Benjamin A. Zeliska\AppData\Local\Programs\MiKTeX 2.9\tex/latex/ober
diek\grfext.sty"
Package: grfext 2016/05/16 v1.2 Manage graphics extensions (HO)
)
Package epstopdf-base Info: Redefining graphics rule for `.eps' on input line 4
38.
Package grfext Info: Graphics extension search list:
(grfext)             [.pdf,.png,.jpg,.mps,.jpeg,.jbig2,.jb2,.PDF,.PNG,.JPG,.JPE
G,.JBIG2,.JB2,.eps]
(grfext)             \AppendGraphicsExtensions on input line 456.
))
("C:\Users\Benjamin A. Zeliska\AppData\Local\Programs\MiKTeX 2.9\tex/latex/varw
idth\varwidth.sty"
Package: varwidth 2009/03/30 ver 0.92;  Variable-width minipages
\@vwid@box=\box81
\sift@deathcycles=\count312
\@vwid@loff=\dimen192
\@vwid@roff=\dimen193
)
("C:\Users\Benjamin A. Zeliska\AppData\Local\Programs\MiKTeX 2.9\tex/latex/pgf/
frontendlayer\tikz.sty"
("C:\Users\Benjamin A. Zeliska\AppData\Local\Programs\MiKTeX 2.9\tex/latex/pgf/
basiclayer\pgf.sty"
("C:\Users\Benjamin A. Zeliska\AppData\Local\Programs\MiKTeX 2.9\tex/latex/pgf/
utilities\pgfrcs.sty"
("C:\Users\Benjamin A. Zeliska\AppData\Local\Programs\MiKTeX 2.9\tex/generic/pg
f/utilities\pgfutil-common.tex"
\pgfutil@everybye=\toks26
\pgfutil@tempdima=\dimen194
\pgfutil@tempdimb=\dimen195

("C:\Users\Benjamin A. Zeliska\AppData\Local\Programs\MiKTeX 2.9\tex/generic/pg
f/utilities\pgfutil-common-lists.tex"))
("C:\Users\Benjamin A. Zeliska\AppData\Local\Programs\MiKTeX 2.9\tex/generic/pg
f/utilities\pgfutil-latex.def"
\pgfutil@abb=\box82

("C:\Users\Benjamin A. Zeliska\AppData\Local\Programs\MiKTeX 2.9\tex/latex/ms\e
veryshi.sty"
Package: everyshi 2001/05/15 v3.00 EveryShipout Package (MS)
))
("C:\Users\Benjamin A. Zeliska\AppData\Local\Programs\MiKTeX 2.9\tex/generic/pg
f/utilities\pgfrcs.code.tex"
("C:\Users\Benjamin A. Zeliska\AppData\Local\Programs\MiKTeX 2.9\tex/generic/pg
f\pgf.revision.tex")
Package: pgfrcs 2019/08/03 v3.1.4b (3.1.4b)
))
Package: pgf 2019/08/03 v3.1.4b (3.1.4b)

("C:\Users\Benjamin A. Zeliska\AppData\Local\Programs\MiKTeX 2.9\tex/latex/pgf/
basiclayer\pgfcore.sty"
("C:\Users\Benjamin A. Zeliska\AppData\Local\Programs\MiKTeX 2.9\tex/latex/pgf/
systemlayer\pgfsys.sty"
("C:\Users\Benjamin A. Zeliska\AppData\Local\Programs\MiKTeX 2.9\tex/generic/pg
f/systemlayer\pgfsys.code.tex"
Package: pgfsys 2019/08/03 v3.1.4b (3.1.4b)

("C:\Users\Benjamin A. Zeliska\AppData\Local\Programs\MiKTeX 2.9\tex/generic/pg
f/utilities\pgfkeys.code.tex"
\pgfkeys@pathtoks=\toks27
\pgfkeys@temptoks=\toks28

("C:\Users\Benjamin A. Zeliska\AppData\Local\Programs\MiKTeX 2.9\tex/generic/pg
f/utilities\pgfkeysfiltered.code.tex"
\pgfkeys@tmptoks=\toks29
))
\pgf@x=\dimen196
\pgf@y=\dimen197
\pgf@xa=\dimen198
\pgf@ya=\dimen199
\pgf@xb=\dimen256
\pgf@yb=\dimen257
\pgf@xc=\dimen258
\pgf@yc=\dimen259
\pgf@xd=\dimen260
\pgf@yd=\dimen261
\w@pgf@writea=\write3
\r@pgf@reada=\read2
\c@pgf@counta=\count313
\c@pgf@countb=\count314
\c@pgf@countc=\count315
\c@pgf@countd=\count316
\t@pgf@toka=\toks30
\t@pgf@tokb=\toks31
\t@pgf@tokc=\toks32
\pgf@sys@id@count=\count317

("C:\Users\Benjamin A. Zeliska\AppData\Local\Programs\MiKTeX 2.9\tex/generic/pg
f/systemlayer\pgf.cfg"
File: pgf.cfg 2019/08/03 v3.1.4b (3.1.4b)
)
Driver file for pgf: pgfsys-pdftex.def

("C:\Users\Benjamin A. Zeliska\AppData\Local\Programs\MiKTeX 2.9\tex/generic/pg
f/systemlayer\pgfsys-pdftex.def"
File: pgfsys-pdftex.def 2019/08/03 v3.1.4b (3.1.4b)

("C:\Users\Benjamin A. Zeliska\AppData\Local\Programs\MiKTeX 2.9\tex/generic/pg
f/systemlayer\pgfsys-common-pdf.def"
File: pgfsys-common-pdf.def 2019/08/03 v3.1.4b (3.1.4b)
)))
("C:\Users\Benjamin A. Zeliska\AppData\Local\Programs\MiKTeX 2.9\tex/generic/pg
f/systemlayer\pgfsyssoftpath.code.tex"
File: pgfsyssoftpath.code.tex 2019/08/03 v3.1.4b (3.1.4b)
\pgfsyssoftpath@smallbuffer@items=\count318
\pgfsyssoftpath@bigbuffer@items=\count319
)
("C:\Users\Benjamin A. Zeliska\AppData\Local\Programs\MiKTeX 2.9\tex/generic/pg
f/systemlayer\pgfsysprotocol.code.tex"
File: pgfsysprotocol.code.tex 2019/08/03 v3.1.4b (3.1.4b)
))
("C:\Users\Benjamin A. Zeliska\AppData\Local\Programs\MiKTeX 2.9\tex/latex/xcol
or\xcolor.sty"
Package: xcolor 2016/05/11 v2.12 LaTeX color extensions (UK)

("C:\Users\Benjamin A. Zeliska\AppData\Local\Programs\MiKTeX 2.9\tex/latex/grap
hics-cfg\color.cfg"
File: color.cfg 2016/01/02 v1.6 sample color configuration
)
Package xcolor Info: Driver file: pdftex.def on input line 225.
LaTeX Info: Redefining \color on input line 709.
Package xcolor Info: Model `cmy' substituted by `cmy0' on input line 1348.
Package xcolor Info: Model `hsb' substituted by `rgb' on input line 1352.
Package xcolor Info: Model `RGB' extended on input line 1364.
Package xcolor Info: Model `HTML' substituted by `rgb' on input line 1366.
Package xcolor Info: Model `Hsb' substituted by `hsb' on input line 1367.
Package xcolor Info: Model `tHsb' substituted by `hsb' on input line 1368.
Package xcolor Info: Model `HSB' substituted by `hsb' on input line 1369.
Package xcolor Info: Model `Gray' substituted by `gray' on input line 1370.
Package xcolor Info: Model `wave' substituted by `hsb' on input line 1371.
)
("C:\Users\Benjamin A. Zeliska\AppData\Local\Programs\MiKTeX 2.9\tex/generic/pg
f/basiclayer\pgfcore.code.tex"
Package: pgfcore 2019/08/03 v3.1.4b (3.1.4b)

("C:\Users\Benjamin A. Zeliska\AppData\Local\Programs\MiKTeX 2.9\tex/generic/pg
f/math\pgfmath.code.tex"
("C:\Users\Benjamin A. Zeliska\AppData\Local\Programs\MiKTeX 2.9\tex/generic/pg
f/math\pgfmathcalc.code.tex"
("C:\Users\Benjamin A. Zeliska\AppData\Local\Programs\MiKTeX 2.9\tex/generic/pg
f/math\pgfmathutil.code.tex")
("C:\Users\Benjamin A. Zeliska\AppData\Local\Programs\MiKTeX 2.9\tex/generic/pg
f/math\pgfmathparser.code.tex"
\pgfmath@dimen=\dimen262
\pgfmath@count=\count320
\pgfmath@box=\box83
\pgfmath@toks=\toks33
\pgfmath@stack@operand=\toks34
\pgfmath@stack@operation=\toks35
)
("C:\Users\Benjamin A. Zeliska\AppData\Local\Programs\MiKTeX 2.9\tex/generic/pg
f/math\pgfmathfunctions.code.tex"
("C:\Users\Benjamin A. Zeliska\AppData\Local\Programs\MiKTeX 2.9\tex/generic/pg
f/math\pgfmathfunctions.basic.code.tex")
("C:\Users\Benjamin A. Zeliska\AppData\Local\Programs\MiKTeX 2.9\tex/generic/pg
f/math\pgfmathfunctions.trigonometric.code.tex")
("C:\Users\Benjamin A. Zeliska\AppData\Local\Programs\MiKTeX 2.9\tex/generic/pg
f/math\pgfmathfunctions.random.code.tex")
("C:\Users\Benjamin A. Zeliska\AppData\Local\Programs\MiKTeX 2.9\tex/generic/pg
f/math\pgfmathfunctions.comparison.code.tex")
("C:\Users\Benjamin A. Zeliska\AppData\Local\Programs\MiKTeX 2.9\tex/generic/pg
f/math\pgfmathfunctions.base.code.tex")
("C:\Users\Benjamin A. Zeliska\AppData\Local\Programs\MiKTeX 2.9\tex/generic/pg
f/math\pgfmathfunctions.round.code.tex")
("C:\Users\Benjamin A. Zeliska\AppData\Local\Programs\MiKTeX 2.9\tex/generic/pg
f/math\pgfmathfunctions.misc.code.tex")
("C:\Users\Benjamin A. Zeliska\AppData\Local\Programs\MiKTeX 2.9\tex/generic/pg
f/math\pgfmathfunctions.integerarithmetics.code.tex")))
("C:\Users\Benjamin A. Zeliska\AppData\Local\Programs\MiKTeX 2.9\tex/generic/pg
f/math\pgfmathfloat.code.tex"
\c@pgfmathroundto@lastzeros=\count321
))
("C:\Users\Benjamin A. Zeliska\AppData\Local\Programs\MiKTeX 2.9\tex/generic/pg
f/math\pgfint.code.tex")
("C:\Users\Benjamin A. Zeliska\AppData\Local\Programs\MiKTeX 2.9\tex/generic/pg
f/basiclayer\pgfcorepoints.code.tex"
File: pgfcorepoints.code.tex 2019/08/03 v3.1.4b (3.1.4b)
\pgf@picminx=\dimen263
\pgf@picmaxx=\dimen264
\pgf@picminy=\dimen265
\pgf@picmaxy=\dimen266
\pgf@pathminx=\dimen267
\pgf@pathmaxx=\dimen268
\pgf@pathminy=\dimen269
\pgf@pathmaxy=\dimen270
\pgf@xx=\dimen271
\pgf@xy=\dimen272
\pgf@yx=\dimen273
\pgf@yy=\dimen274
\pgf@zx=\dimen275
\pgf@zy=\dimen276
)
("C:\Users\Benjamin A. Zeliska\AppData\Local\Programs\MiKTeX 2.9\tex/generic/pg
f/basiclayer\pgfcorepathconstruct.code.tex"
File: pgfcorepathconstruct.code.tex 2019/08/03 v3.1.4b (3.1.4b)
\pgf@path@lastx=\dimen277
\pgf@path@lasty=\dimen278
)
("C:\Users\Benjamin A. Zeliska\AppData\Local\Programs\MiKTeX 2.9\tex/generic/pg
f/basiclayer\pgfcorepathusage.code.tex"
File: pgfcorepathusage.code.tex 2019/08/03 v3.1.4b (3.1.4b)
\pgf@shorten@end@additional=\dimen279
\pgf@shorten@start@additional=\dimen280
)
("C:\Users\Benjamin A. Zeliska\AppData\Local\Programs\MiKTeX 2.9\tex/generic/pg
f/basiclayer\pgfcorescopes.code.tex"
File: pgfcorescopes.code.tex 2019/08/03 v3.1.4b (3.1.4b)
\pgfpic=\box84
\pgf@hbox=\box85
\pgf@layerbox@main=\box86
\pgf@picture@serial@count=\count322
)
("C:\Users\Benjamin A. Zeliska\AppData\Local\Programs\MiKTeX 2.9\tex/generic/pg
f/basiclayer\pgfcoregraphicstate.code.tex"
File: pgfcoregraphicstate.code.tex 2019/08/03 v3.1.4b (3.1.4b)
\pgflinewidth=\dimen281
)
("C:\Users\Benjamin A. Zeliska\AppData\Local\Programs\MiKTeX 2.9\tex/generic/pg
f/basiclayer\pgfcoretransformations.code.tex"
File: pgfcoretransformations.code.tex 2019/08/03 v3.1.4b (3.1.4b)
\pgf@pt@x=\dimen282
\pgf@pt@y=\dimen283
\pgf@pt@temp=\dimen284
)
("C:\Users\Benjamin A. Zeliska\AppData\Local\Programs\MiKTeX 2.9\tex/generic/pg
f/basiclayer\pgfcorequick.code.tex"
File: pgfcorequick.code.tex 2019/08/03 v3.1.4b (3.1.4b)
)
("C:\Users\Benjamin A. Zeliska\AppData\Local\Programs\MiKTeX 2.9\tex/generic/pg
f/basiclayer\pgfcoreobjects.code.tex"
File: pgfcoreobjects.code.tex 2019/08/03 v3.1.4b (3.1.4b)
)
("C:\Users\Benjamin A. Zeliska\AppData\Local\Programs\MiKTeX 2.9\tex/generic/pg
f/basiclayer\pgfcorepathprocessing.code.tex"
File: pgfcorepathprocessing.code.tex 2019/08/03 v3.1.4b (3.1.4b)
)
("C:\Users\Benjamin A. Zeliska\AppData\Local\Programs\MiKTeX 2.9\tex/generic/pg
f/basiclayer\pgfcorearrows.code.tex"
File: pgfcorearrows.code.tex 2019/08/03 v3.1.4b (3.1.4b)
\pgfarrowsep=\dimen285
)
("C:\Users\Benjamin A. Zeliska\AppData\Local\Programs\MiKTeX 2.9\tex/generic/pg
f/basiclayer\pgfcoreshade.code.tex"
File: pgfcoreshade.code.tex 2019/08/03 v3.1.4b (3.1.4b)
\pgf@max=\dimen286
\pgf@sys@shading@range@num=\count323
\pgf@shadingcount=\count324
)
("C:\Users\Benjamin A. Zeliska\AppData\Local\Programs\MiKTeX 2.9\tex/generic/pg
f/basiclayer\pgfcoreimage.code.tex"
File: pgfcoreimage.code.tex 2019/08/03 v3.1.4b (3.1.4b)

("C:\Users\Benjamin A. Zeliska\AppData\Local\Programs\MiKTeX 2.9\tex/generic/pg
f/basiclayer\pgfcoreexternal.code.tex"
File: pgfcoreexternal.code.tex 2019/08/03 v3.1.4b (3.1.4b)
\pgfexternal@startupbox=\box87
))
("C:\Users\Benjamin A. Zeliska\AppData\Local\Programs\MiKTeX 2.9\tex/generic/pg
f/basiclayer\pgfcorelayers.code.tex"
File: pgfcorelayers.code.tex 2019/08/03 v3.1.4b (3.1.4b)
)
("C:\Users\Benjamin A. Zeliska\AppData\Local\Programs\MiKTeX 2.9\tex/generic/pg
f/basiclayer\pgfcoretransparency.code.tex"
File: pgfcoretransparency.code.tex 2019/08/03 v3.1.4b (3.1.4b)
)
("C:\Users\Benjamin A. Zeliska\AppData\Local\Programs\MiKTeX 2.9\tex/generic/pg
f/basiclayer\pgfcorepatterns.code.tex"
File: pgfcorepatterns.code.tex 2019/08/03 v3.1.4b (3.1.4b)
)
("C:\Users\Benjamin A. Zeliska\AppData\Local\Programs\MiKTeX 2.9\tex/generic/pg
f/basiclayer\pgfcorerdf.code.tex"
File: pgfcorerdf.code.tex 2019/08/03 v3.1.4b (3.1.4b)
)))
("C:\Users\Benjamin A. Zeliska\AppData\Local\Programs\MiKTeX 2.9\tex/generic/pg
f/modules\pgfmoduleshapes.code.tex"
File: pgfmoduleshapes.code.tex 2019/08/03 v3.1.4b (3.1.4b)
\pgfnodeparttextbox=\box88
)
("C:\Users\Benjamin A. Zeliska\AppData\Local\Programs\MiKTeX 2.9\tex/generic/pg
f/modules\pgfmoduleplot.code.tex"
File: pgfmoduleplot.code.tex 2019/08/03 v3.1.4b (3.1.4b)
)
("C:\Users\Benjamin A. Zeliska\AppData\Local\Programs\MiKTeX 2.9\tex/latex/pgf/
compatibility\pgfcomp-version-0-65.sty"
Package: pgfcomp-version-0-65 2019/08/03 v3.1.4b (3.1.4b)
\pgf@nodesepstart=\dimen287
\pgf@nodesepend=\dimen288
)
("C:\Users\Benjamin A. Zeliska\AppData\Local\Programs\MiKTeX 2.9\tex/latex/pgf/
compatibility\pgfcomp-version-1-18.sty"
Package: pgfcomp-version-1-18 2019/08/03 v3.1.4b (3.1.4b)
))
("C:\Users\Benjamin A. Zeliska\AppData\Local\Programs\MiKTeX 2.9\tex/latex/pgf/
utilities\pgffor.sty"
("C:\Users\Benjamin A. Zeliska\AppData\Local\Programs\MiKTeX 2.9\tex/latex/pgf/
utilities\pgfkeys.sty"
("C:\Users\Benjamin A. Zeliska\AppData\Local\Programs\MiKTeX 2.9\tex/generic/pg
f/utilities\pgfkeys.code.tex"))
("C:\Users\Benjamin A. Zeliska\AppData\Local\Programs\MiKTeX 2.9\tex/latex/pgf/
math\pgfmath.sty"
("C:\Users\Benjamin A. Zeliska\AppData\Local\Programs\MiKTeX 2.9\tex/generic/pg
f/math\pgfmath.code.tex"))
("C:\Users\Benjamin A. Zeliska\AppData\Local\Programs\MiKTeX 2.9\tex/generic/pg
f/utilities\pgffor.code.tex"
Package: pgffor 2019/08/03 v3.1.4b (3.1.4b)

("C:\Users\Benjamin A. Zeliska\AppData\Local\Programs\MiKTeX 2.9\tex/generic/pg
f/math\pgfmath.code.tex")
\pgffor@iter=\dimen289
\pgffor@skip=\dimen290
\pgffor@stack=\toks36
\pgffor@toks=\toks37
))
("C:\Users\Benjamin A. Zeliska\AppData\Local\Programs\MiKTeX 2.9\tex/generic/pg
f/frontendlayer/tikz\tikz.code.tex"
Package: tikz 2019/08/03 v3.1.4b (3.1.4b)

("C:\Users\Benjamin A. Zeliska\AppData\Local\Programs\MiKTeX 2.9\tex/generic/pg
f/libraries\pgflibraryplothandlers.code.tex"
File: pgflibraryplothandlers.code.tex 2019/08/03 v3.1.4b (3.1.4b)
\pgf@plot@mark@count=\count325
\pgfplotmarksize=\dimen291
)
\tikz@lastx=\dimen292
\tikz@lasty=\dimen293
\tikz@lastxsaved=\dimen294
\tikz@lastysaved=\dimen295
\tikz@lastmovetox=\dimen296
\tikz@lastmovetoy=\dimen297
\tikzleveldistance=\dimen298
\tikzsiblingdistance=\dimen299
\tikz@figbox=\box89
\tikz@figbox@bg=\box90
\tikz@tempbox=\box91
\tikz@tempbox@bg=\box92
\tikztreelevel=\count326
\tikznumberofchildren=\count327
\tikznumberofcurrentchild=\count328
\tikz@fig@count=\count329

("C:\Users\Benjamin A. Zeliska\AppData\Local\Programs\MiKTeX 2.9\tex/generic/pg
f/modules\pgfmodulematrix.code.tex"
File: pgfmodulematrix.code.tex 2019/08/03 v3.1.4b (3.1.4b)
\pgfmatrixcurrentrow=\count330
\pgfmatrixcurrentcolumn=\count331
\pgf@matrix@numberofcolumns=\count332
)
\tikz@expandcount=\count333

("C:\Users\Benjamin A. Zeliska\AppData\Local\Programs\MiKTeX 2.9\tex/generic/pg
f/frontendlayer/tikz/libraries\tikzlibrarytopaths.code.tex"
File: tikzlibrarytopaths.code.tex 2019/08/03 v3.1.4b (3.1.4b)
)))
("C:\Users\Benjamin A. Zeliska\AppData\Local\Programs\MiKTeX 2.9\tex/latex/pdfp
ages\pdfpages.sty"
Package: pdfpages 2019/09/21 v0.5n Insert pages of external PDF documents (AM)

("C:\Users\Benjamin A. Zeliska\AppData\Local\Programs\MiKTeX 2.9\tex/latex/base
\ifthen.sty"
Package: ifthen 2014/09/29 v1.1c Standard LaTeX ifthen package (DPC)
)
("C:\Users\Benjamin A. Zeliska\AppData\Local\Programs\MiKTeX 2.9\tex/latex/eso-
pic\eso-pic.sty"
Package: eso-pic 2018/04/12 v2.0h eso-pic (RN)
)
\AM@pagewidth=\dimen300
\AM@pageheight=\dimen301

("C:\Users\Benjamin A. Zeliska\AppData\Local\Programs\MiKTeX 2.9\tex/latex/pdfp
ages\pppdftex.def"
File: pppdftex.def 2019/09/21 v0.5n Pdfpages driver for pdfTeX (AM)
)
\AM@pagebox=\box93
\AM@global@opts=\toks38
\AM@toc@title=\toks39
\c@AM@survey=\count334
\AM@templatesizebox=\box94
)
("C:\Users\Benjamin A. Zeliska\AppData\Local\Programs\MiKTeX 2.9\tex/latex/matl
ab-prettifier\matlab-prettifier.sty"
Package: matlab-prettifier 2014/06/19 v0.3 A package for prettyprinting Matlab 
source code

("C:\Users\Benjamin A. Zeliska\AppData\Local\Programs\MiKTeX 2.9\tex/latex/base
\textcomp.sty"
Package: textcomp 2018/08/11 v2.0j Standard LaTeX package
Package textcomp Info: Sub-encoding information:
(textcomp)               5 = only ISO-Adobe without \textcurrency
(textcomp)               4 = 5 + \texteuro
(textcomp)               3 = 4 + \textohm
(textcomp)               2 = 3 + \textestimated + \textcurrency
(textcomp)               1 = TS1 - \textcircled - \t
(textcomp)               0 = TS1 (full)
(textcomp)             Font families with sub-encoding setting implement
(textcomp)             only a restricted character set as indicated.
(textcomp)             Family '?' is the default used for unknown fonts.
(textcomp)             See the documentation for details.
Package textcomp Info: Setting ? sub-encoding to TS1/1 on input line 79.

("C:\Users\Benjamin A. Zeliska\AppData\Local\Programs\MiKTeX 2.9\tex/latex/base
\ts1enc.def"
File: ts1enc.def 2001/06/05 v3.0e (jk/car/fm) Standard LaTeX file
Now handling font encoding TS1 ...
... processing UTF-8 mapping file for font encoding TS1

("C:\Users\Benjamin A. Zeliska\AppData\Local\Programs\MiKTeX 2.9\tex/latex/base
\ts1enc.dfu"
File: ts1enc.dfu 2018/10/05 v1.2f UTF-8 support for inputenc
   defining Unicode char U+00A2 (decimal 162)
   defining Unicode char U+00A3 (decimal 163)
   defining Unicode char U+00A4 (decimal 164)
   defining Unicode char U+00A5 (decimal 165)
   defining Unicode char U+00A6 (decimal 166)
   defining Unicode char U+00A7 (decimal 167)
   defining Unicode char U+00A8 (decimal 168)
   defining Unicode char U+00A9 (decimal 169)
   defining Unicode char U+00AA (decimal 170)
   defining Unicode char U+00AC (decimal 172)
   defining Unicode char U+00AE (decimal 174)
   defining Unicode char U+00AF (decimal 175)
   defining Unicode char U+00B0 (decimal 176)
   defining Unicode char U+00B1 (decimal 177)
   defining Unicode char U+00B2 (decimal 178)
   defining Unicode char U+00B3 (decimal 179)
   defining Unicode char U+00B4 (decimal 180)
   defining Unicode char U+00B5 (decimal 181)
   defining Unicode char U+00B6 (decimal 182)
   defining Unicode char U+00B7 (decimal 183)
   defining Unicode char U+00B9 (decimal 185)
   defining Unicode char U+00BA (decimal 186)
   defining Unicode char U+00BC (decimal 188)
   defining Unicode char U+00BD (decimal 189)
   defining Unicode char U+00BE (decimal 190)
   defining Unicode char U+00D7 (decimal 215)
   defining Unicode char U+00F7 (decimal 247)
   defining Unicode char U+0192 (decimal 402)
   defining Unicode char U+02C7 (decimal 711)
   defining Unicode char U+02D8 (decimal 728)
   defining Unicode char U+02DD (decimal 733)
   defining Unicode char U+0E3F (decimal 3647)
   defining Unicode char U+2016 (decimal 8214)
   defining Unicode char U+2020 (decimal 8224)
   defining Unicode char U+2021 (decimal 8225)
   defining Unicode char U+2022 (decimal 8226)
   defining Unicode char U+2030 (decimal 8240)
   defining Unicode char U+2031 (decimal 8241)
   defining Unicode char U+203B (decimal 8251)
   defining Unicode char U+203D (decimal 8253)
   defining Unicode char U+2044 (decimal 8260)
   defining Unicode char U+204E (decimal 8270)
   defining Unicode char U+2052 (decimal 8274)
   defining Unicode char U+20A1 (decimal 8353)
   defining Unicode char U+20A4 (decimal 8356)
   defining Unicode char U+20A6 (decimal 8358)
   defining Unicode char U+20A9 (decimal 8361)
   defining Unicode char U+20AB (decimal 8363)
   defining Unicode char U+20AC (decimal 8364)
   defining Unicode char U+20B1 (decimal 8369)
   defining Unicode char U+2103 (decimal 8451)
   defining Unicode char U+2116 (decimal 8470)
   defining Unicode char U+2117 (decimal 8471)
   defining Unicode char U+211E (decimal 8478)
   defining Unicode char U+2120 (decimal 8480)
   defining Unicode char U+2122 (decimal 8482)
   defining Unicode char U+2126 (decimal 8486)
   defining Unicode char U+2127 (decimal 8487)
   defining Unicode char U+212E (decimal 8494)
   defining Unicode char U+2190 (decimal 8592)
   defining Unicode char U+2191 (decimal 8593)
   defining Unicode char U+2192 (decimal 8594)
   defining Unicode char U+2193 (decimal 8595)
   defining Unicode char U+2329 (decimal 9001)
   defining Unicode char U+232A (decimal 9002)
   defining Unicode char U+2422 (decimal 9250)
   defining Unicode char U+25E6 (decimal 9702)
   defining Unicode char U+25EF (decimal 9711)
   defining Unicode char U+266A (decimal 9834)
   defining Unicode char U+FEFF (decimal 65279)
))
LaTeX Info: Redefining \oldstylenums on input line 334.
Package textcomp Info: Setting cmr sub-encoding to TS1/0 on input line 349.
Package textcomp Info: Setting cmss sub-encoding to TS1/0 on input line 350.
Package textcomp Info: Setting cmtt sub-encoding to TS1/0 on input line 351.
Package textcomp Info: Setting cmvtt sub-encoding to TS1/0 on input line 352.
Package textcomp Info: Setting cmbr sub-encoding to TS1/0 on input line 353.
Package textcomp Info: Setting cmtl sub-encoding to TS1/0 on input line 354.
Package textcomp Info: Setting ccr sub-encoding to TS1/0 on input line 355.
Package textcomp Info: Setting ptm sub-encoding to TS1/4 on input line 356.
Package textcomp Info: Setting pcr sub-encoding to TS1/4 on input line 357.
Package textcomp Info: Setting phv sub-encoding to TS1/4 on input line 358.
Package textcomp Info: Setting ppl sub-encoding to TS1/3 on input line 359.
Package textcomp Info: Setting pag sub-encoding to TS1/4 on input line 360.
Package textcomp Info: Setting pbk sub-encoding to TS1/4 on input line 361.
Package textcomp Info: Setting pnc sub-encoding to TS1/4 on input line 362.
Package textcomp Info: Setting pzc sub-encoding to TS1/4 on input line 363.
Package textcomp Info: Setting bch sub-encoding to TS1/4 on input line 364.
Package textcomp Info: Setting put sub-encoding to TS1/5 on input line 365.
Package textcomp Info: Setting uag sub-encoding to TS1/5 on input line 366.
Package textcomp Info: Setting ugq sub-encoding to TS1/5 on input line 367.
Package textcomp Info: Setting ul8 sub-encoding to TS1/4 on input line 368.
Package textcomp Info: Setting ul9 sub-encoding to TS1/4 on input line 369.
Package textcomp Info: Setting augie sub-encoding to TS1/5 on input line 370.
Package textcomp Info: Setting dayrom sub-encoding to TS1/3 on input line 371.
Package textcomp Info: Setting dayroms sub-encoding to TS1/3 on input line 372.

Package textcomp Info: Setting pxr sub-encoding to TS1/0 on input line 373.
Package textcomp Info: Setting pxss sub-encoding to TS1/0 on input line 374.
Package textcomp Info: Setting pxtt sub-encoding to TS1/0 on input line 375.
Package textcomp Info: Setting txr sub-encoding to TS1/0 on input line 376.
Package textcomp Info: Setting txss sub-encoding to TS1/0 on input line 377.
Package textcomp Info: Setting txtt sub-encoding to TS1/0 on input line 378.
Package textcomp Info: Setting lmr sub-encoding to TS1/0 on input line 379.
Package textcomp Info: Setting lmdh sub-encoding to TS1/0 on input line 380.
Package textcomp Info: Setting lmss sub-encoding to TS1/0 on input line 381.
Package textcomp Info: Setting lmssq sub-encoding to TS1/0 on input line 382.
Package textcomp Info: Setting lmvtt sub-encoding to TS1/0 on input line 383.
Package textcomp Info: Setting lmtt sub-encoding to TS1/0 on input line 384.
Package textcomp Info: Setting qhv sub-encoding to TS1/0 on input line 385.
Package textcomp Info: Setting qag sub-encoding to TS1/0 on input line 386.
Package textcomp Info: Setting qbk sub-encoding to TS1/0 on input line 387.
Package textcomp Info: Setting qcr sub-encoding to TS1/0 on input line 388.
Package textcomp Info: Setting qcs sub-encoding to TS1/0 on input line 389.
Package textcomp Info: Setting qpl sub-encoding to TS1/0 on input line 390.
Package textcomp Info: Setting qtm sub-encoding to TS1/0 on input line 391.
Package textcomp Info: Setting qzc sub-encoding to TS1/0 on input line 392.
Package textcomp Info: Setting qhvc sub-encoding to TS1/0 on input line 393.
Package textcomp Info: Setting futs sub-encoding to TS1/4 on input line 394.
Package textcomp Info: Setting futx sub-encoding to TS1/4 on input line 395.
Package textcomp Info: Setting futj sub-encoding to TS1/4 on input line 396.
Package textcomp Info: Setting hlh sub-encoding to TS1/3 on input line 397.
Package textcomp Info: Setting hls sub-encoding to TS1/3 on input line 398.
Package textcomp Info: Setting hlst sub-encoding to TS1/3 on input line 399.
Package textcomp Info: Setting hlct sub-encoding to TS1/5 on input line 400.
Package textcomp Info: Setting hlx sub-encoding to TS1/5 on input line 401.
Package textcomp Info: Setting hlce sub-encoding to TS1/5 on input line 402.
Package textcomp Info: Setting hlcn sub-encoding to TS1/5 on input line 403.
Package textcomp Info: Setting hlcw sub-encoding to TS1/5 on input line 404.
Package textcomp Info: Setting hlcf sub-encoding to TS1/5 on input line 405.
Package textcomp Info: Setting pplx sub-encoding to TS1/3 on input line 406.
Package textcomp Info: Setting pplj sub-encoding to TS1/3 on input line 407.
Package textcomp Info: Setting ptmx sub-encoding to TS1/4 on input line 408.
Package textcomp Info: Setting ptmj sub-encoding to TS1/4 on input line 409.
)
\netBracketCount@mlpr=\count335
\blkLvl@mlpr=\count336
\blkLvlAtClassdef@mlpr=\count337
\emHeight@mlpr=\skip64
\jayDepth@mlpr=\skip65
\sectionRuleOffset@mlpr=\skip66
\toks@mlpr=\toks40
)
("C:\Users\Benjamin A. Zeliska\AppData\Local\Programs\MiKTeX 2.9\tex/latex/floa
t\float.sty"
Package: float 2001/11/08 v1.3d Float enhancements (AL)
\c@float@type=\count338
\float@exts=\toks41
\float@box=\box95
\@float@everytoks=\toks42
\@floatcapt=\box96
)
("C:\Users\Benjamin A. Zeliska\AppData\Local\Programs\MiKTeX 2.9\tex/latex/colo
rtbl\colortbl.sty"
Package: colortbl 2018/12/12 v1.0d Color table columns (DPC)
\everycr=\toks43
\minrowclearance=\skip67
)
("C:\Users\Benjamin A. Zeliska\AppData\Local\Programs\MiKTeX 2.9\tex/latex/base
\flafter.sty"
Package: flafter 2018/11/28 v1.4d Standard LaTeX floats after reference (FMi)
Applying: [2015/01/01] float order in 2-column on input line 49.
Already applied: [0000/00/00] float order in 2-column on input line 151.
)
("C:\Users\Benjamin A. Zeliska\AppData\Local\Programs\MiKTeX 2.9\tex/latex/bibl
atex\biblatex.sty"
Package: biblatex 2019/08/17 v3.13 programmable bibliographies (PK/MW)

("C:\Users\Benjamin A. Zeliska\AppData\Local\Programs\MiKTeX 2.9\tex/latex/etoo
lbox\etoolbox.sty"
Package: etoolbox 2018/08/19 v2.5f e-TeX tools for LaTeX (JAW)
\etb@tempcnta=\count339
)
("C:\Users\Benjamin A. Zeliska\AppData\Local\Programs\MiKTeX 2.9\tex/latex/logr
eq\logreq.sty"
Package: logreq 2010/08/04 v1.0 xml request logger
\lrq@indent=\count340

("C:\Users\Benjamin A. Zeliska\AppData\Local\Programs\MiKTeX 2.9\tex/latex/logr
eq\logreq.def"
File: logreq.def 2010/08/04 v1.0 logreq spec v1.0
))
\c@tabx@nest=\count341
\c@listtotal=\count342
\c@listcount=\count343
\c@liststart=\count344
\c@liststop=\count345
\c@citecount=\count346
\c@citetotal=\count347
\c@multicitecount=\count348
\c@multicitetotal=\count349
\c@instcount=\count350
\c@maxnames=\count351
\c@minnames=\count352
\c@maxitems=\count353
\c@minitems=\count354
\c@citecounter=\count355
\c@maxcitecounter=\count356
\c@savedcitecounter=\count357
\c@uniquelist=\count358
\c@uniquename=\count359
\c@refsection=\count360
\c@refsegment=\count361
\c@maxextratitle=\count362
\c@maxextratitleyear=\count363
\c@maxextraname=\count364
\c@maxextradate=\count365
\c@maxextraalpha=\count366
\c@abbrvpenalty=\count367
\c@highnamepenalty=\count368
\c@lownamepenalty=\count369
\c@maxparens=\count370
\c@parenlevel=\count371
\blx@tempcnta=\count372
\blx@tempcntb=\count373
\blx@tempcntc=\count374
\blx@maxsection=\count375
\blx@maxsegment@0=\count376
\blx@notetype=\count377
\blx@parenlevel@text=\count378
\blx@parenlevel@foot=\count379
\blx@sectionciteorder@0=\count380
\blx@entrysetcounter=\count381
\labelnumberwidth=\skip68
\labelalphawidth=\skip69
\biblabelsep=\skip70
\bibitemsep=\skip71
\bibnamesep=\skip72
\bibinitsep=\skip73
\bibparsep=\skip74
\bibhang=\skip75
\blx@bcfin=\read3
\blx@bcfout=\write4
\blx@langwohyphens=\language82
\c@mincomprange=\count382
\c@maxcomprange=\count383
\c@mincompwidth=\count384
Package biblatex Info: Trying to load biblatex default data model...
Package biblatex Info: ... file 'blx-dm.def' found.

("C:\Users\Benjamin A. Zeliska\AppData\Local\Programs\MiKTeX 2.9\tex/latex/bibl
atex\blx-dm.def"
File: blx-dm.def 2019/08/17 v3.13 biblatex localization (PK/MW)
)
Package biblatex Info: Trying to load biblatex style data model...
Package biblatex Info: ... file 'alphabetic.dbx' not found.
Package biblatex Info: Trying to load biblatex custom data model...
Package biblatex Info: ... file 'biblatex-dm.cfg' not found.
\c@afterword=\count385
\c@savedafterword=\count386
\c@annotator=\count387
\c@savedannotator=\count388
\c@author=\count389
\c@savedauthor=\count390
\c@bookauthor=\count391
\c@savedbookauthor=\count392
\c@commentator=\count393
\c@savedcommentator=\count394
\c@editor=\count395
\c@savededitor=\count396
\c@editora=\count397
\c@savededitora=\count398
\c@editorb=\count399
\c@savededitorb=\count400
\c@editorc=\count401
\c@savededitorc=\count402
\c@foreword=\count403
\c@savedforeword=\count404
\c@holder=\count405
\c@savedholder=\count406
\c@introduction=\count407
\c@savedintroduction=\count408
\c@namea=\count409
\c@savednamea=\count410
\c@nameb=\count411
\c@savednameb=\count412
\c@namec=\count413
\c@savednamec=\count414
\c@translator=\count415
\c@savedtranslator=\count416
\c@shortauthor=\count417
\c@savedshortauthor=\count418
\c@shorteditor=\count419
\c@savedshorteditor=\count420
\c@labelname=\count421
\c@savedlabelname=\count422
\c@institution=\count423
\c@savedinstitution=\count424
\c@lista=\count425
\c@savedlista=\count426
\c@listb=\count427
\c@savedlistb=\count428
\c@listc=\count429
\c@savedlistc=\count430
\c@listd=\count431
\c@savedlistd=\count432
\c@liste=\count433
\c@savedliste=\count434
\c@listf=\count435
\c@savedlistf=\count436
\c@location=\count437
\c@savedlocation=\count438
\c@organization=\count439
\c@savedorganization=\count440
\c@origlocation=\count441
\c@savedoriglocation=\count442
\c@origpublisher=\count443
\c@savedorigpublisher=\count444
\c@publisher=\count445
\c@savedpublisher=\count446
\c@language=\count447
\c@savedlanguage=\count448
\c@origlanguage=\count449
\c@savedoriglanguage=\count450
\c@pageref=\count451
\c@savedpageref=\count452
\shorthandwidth=\skip76
\shortjournalwidth=\skip77
\shortserieswidth=\skip78
\shorttitlewidth=\skip79
\shortauthorwidth=\skip80
\shorteditorwidth=\skip81
\locallabelnumberwidth=\skip82
\locallabelalphawidth=\skip83
\localshorthandwidth=\skip84
\localshortjournalwidth=\skip85
\localshortserieswidth=\skip86
\localshorttitlewidth=\skip87
\localshortauthorwidth=\skip88
\localshorteditorwidth=\skip89
Package biblatex Info: Trying to load compatibility code...
Package biblatex Info: ... file 'blx-compat.def' found.

("C:\Users\Benjamin A. Zeliska\AppData\Local\Programs\MiKTeX 2.9\tex/latex/bibl
atex\blx-compat.def"
File: blx-compat.def 2019/08/17 v3.13 biblatex compatibility (PK/MW)
)
Package biblatex Info: Trying to load generic definitions...
Package biblatex Info: ... file 'biblatex.def' found.

("C:\Users\Benjamin A. Zeliska\AppData\Local\Programs\MiKTeX 2.9\tex/latex/bibl
atex\biblatex.def"
File: biblatex.def 2019/08/17 v3.13 biblatex compatibility (PK/MW)
\c@textcitecount=\count453
\c@textcitetotal=\count454
\c@textcitemaxnames=\count455
\c@biburlbigbreakpenalty=\count456
\c@biburlbreakpenalty=\count457
\c@biburlnumpenalty=\count458
\c@biburlucpenalty=\count459
\c@biburllcpenalty=\count460
\biburlbigskip=\muskip18
\biburlnumskip=\muskip19
\biburlucskip=\muskip20
\biburllcskip=\muskip21
\c@smartand=\count461
)
Package biblatex Info: Trying to load bibliography style 'alphabetic'...
Package biblatex Info: ... file 'alphabetic.bbx' found.

("C:\Users\Benjamin A. Zeliska\AppData\Local\Programs\MiKTeX 2.9\tex/latex/bibl
atex/bbx\alphabetic.bbx"
File: alphabetic.bbx 2019/08/17 v3.13 biblatex bibliography style (PK/MW)
Package biblatex Info: Trying to load bibliography style 'standard'...
Package biblatex Info: ... file 'standard.bbx' found.

("C:\Users\Benjamin A. Zeliska\AppData\Local\Programs\MiKTeX 2.9\tex/latex/bibl
atex/bbx\standard.bbx"
File: standard.bbx 2019/08/17 v3.13 biblatex bibliography style (PK/MW)
\c@bbx:relatedcount=\count462
\c@bbx:relatedtotal=\count463
))
Package biblatex Info: Trying to load citation style 'alphabetic'...
Package biblatex Info: ... file 'alphabetic.cbx' found.

("C:\Users\Benjamin A. Zeliska\AppData\Local\Programs\MiKTeX 2.9\tex/latex/bibl
atex/cbx\alphabetic.cbx"
File: alphabetic.cbx 2019/08/17 v3.13 biblatex citation style (PK/MW)
Package biblatex Info: Redefining '\cite'.
Package biblatex Info: Redefining '\parencite'.
Package biblatex Info: Redefining '\footcite'.
Package biblatex Info: Redefining '\footcitetext'.
Package biblatex Info: Redefining '\smartcite'.
Package biblatex Info: Redefining '\textcite'.
Package biblatex Info: Redefining '\textcites'.
Package biblatex Info: Redefining '\cites'.
Package biblatex Info: Redefining '\parencites'.
Package biblatex Info: Redefining '\smartcites'.
)
Package biblatex Info: Trying to load configuration file...
Package biblatex Info: ... file 'biblatex.cfg' found.

("C:\Users\Benjamin A. Zeliska\AppData\Local\Programs\MiKTeX 2.9\tex/latex/bibl
atex\biblatex.cfg"
File: biblatex.cfg 
))
\@input{LayoutStandards.aux}
\openout2 = `LayoutStandards.aux'.

(LayoutStandards.tex)
Package biblatex Info: Trying to load language 'english'...
Package biblatex Info: ... file 'english.lbx' found.

("C:\Users\Benjamin A. Zeliska\AppData\Local\Programs\MiKTeX 2.9\tex/latex/bibl
atex/lbx\english.lbx"
File: english.lbx 2019/08/17 v3.13 biblatex localization (PK/MW)
)
\@quotelevel=\count464
\@quotereset=\count465


LaTeX Warning: Unused global option(s):
    [fontsize=11pt].

(Geräteklassifizierung.aux)
\openout1 = `Geräteklassifizierung.aux'.

LaTeX Font Info:    Checking defaults for OML/cmm/m/it on input line 40.
LaTeX Font Info:    ... okay on input line 40.
LaTeX Font Info:    Checking defaults for T1/cmr/m/n on input line 40.
LaTeX Font Info:    ... okay on input line 40.
LaTeX Font Info:    Checking defaults for OT1/cmr/m/n on input line 40.
LaTeX Font Info:    ... okay on input line 40.
LaTeX Font Info:    Checking defaults for OMS/cmsy/m/n on input line 40.
LaTeX Font Info:    ... okay on input line 40.
LaTeX Font Info:    Checking defaults for OMX/cmex/m/n on input line 40.
LaTeX Font Info:    ... okay on input line 40.
LaTeX Font Info:    Checking defaults for U/cmr/m/n on input line 40.
LaTeX Font Info:    ... okay on input line 40.
LaTeX Font Info:    Checking defaults for PD1/pdf/m/n on input line 40.
LaTeX Font Info:    ... okay on input line 40.
LaTeX Font Info:    Checking defaults for TS1/cmr/m/n on input line 40.
LaTeX Font Info:    Try loading font information for TS1+cmr on input line 40.

("C:\Users\Benjamin A. Zeliska\AppData\Local\Programs\MiKTeX 2.9\tex/latex/base
\ts1cmr.fd"
File: ts1cmr.fd 2014/09/29 v2.5h Standard LaTeX font definitions
)
LaTeX Font Info:    ... okay on input line 40.
Package caption Info: Begin \AtBeginDocument code.
Package caption Info: float package is loaded.
Package caption Info: hyperref package is loaded.
Package caption Info: listings package is loaded.
Package caption Info: End \AtBeginDocument code.

("C:\Users\Benjamin A. Zeliska\AppData\Local\Programs\MiKTeX 2.9\tex/context/ba
se/mkii\supp-pdf.mkii"
[Loading MPS to PDF converter (version 2006.09.02).]
\scratchcounter=\count466
\scratchdimen=\dimen302
\scratchbox=\box97
\nofMPsegments=\count467
\nofMParguments=\count468
\everyMPshowfont=\toks44
\MPscratchCnt=\count469
\MPscratchDim=\dimen303
\MPnumerator=\count470
\makeMPintoPDFobject=\count471
\everyMPtoPDFconversion=\toks45
)
\AtBeginShipoutBox=\box98
Package hyperref Info: Link coloring OFF on input line 40.

("C:\Users\Benjamin A. Zeliska\AppData\Local\Programs\MiKTeX 2.9\tex/latex/hype
rref\nameref.sty"
Package: nameref 2016/05/21 v2.44 Cross-referencing by name of section

("C:\Users\Benjamin A. Zeliska\AppData\Local\Programs\MiKTeX 2.9\tex/generic/ob
erdiek\gettitlestring.sty"
Package: gettitlestring 2016/05/16 v1.5 Cleanup title references (HO)
)
\c@section@level=\count472
)
LaTeX Info: Redefining \ref on input line 40.
LaTeX Info: Redefining \pageref on input line 40.
LaTeX Info: Redefining \nameref on input line 40.
 (Geräteklassifizierung.out)
(Geräteklassifizierung.out)
\@outlinefile=\write5
\openout5 = `Geräteklassifizierung.out'.

\c@lstlisting=\count473
 ABD: EveryShipout initializing macros
("C:\Users\Benjamin A. Zeliska\AppData\Local\Programs\MiKTeX 2.9\tex/latex/ober
diek\pdflscape.sty"
Package: pdflscape 2016/05/14 v0.11 Display of landscape pages in PDF (HO)

("C:\Users\Benjamin A. Zeliska\AppData\Local\Programs\MiKTeX 2.9\tex/latex/grap
hics\lscape.sty"
Package: lscape 2000/10/22 v3.01 Landscape Pages (DPC)
)
Package pdflscape Info: Auto-detected driver: pdftex on input line 81.
)
Package biblatex Info: Input encoding 'utf8' detected.
Package biblatex Info: Automatic encoding selection.
(biblatex)             Assuming data encoding 'utf8'.
\openout4 = `Geräteklassifizierung.bcf'.

Package biblatex Info: Trying to load bibliographic data...
Package biblatex Info: ... file 'Geräteklassifizierung.bbl' found.
 (Geräteklassifizierung.bbl)
Package biblatex Info: Reference section=0 on input line 40.
Package biblatex Info: Reference segment=0 on input line 40.
 [1



{C:/Users/Benjamin A. Zeliska/AppData/Local/MiKTeX/2.9/pdftex/config/pdftex.map
}]
(Geräteklassifizierung.toc)
\tf@toc=\write6
\openout6 = `Geräteklassifizierung.toc'.

pdfTeX warning (ext4): destination with the same identifier (name{page.1}) has 
been already used, duplicate ignored
<to be read again> 
                   \relax 
l.84 	\newpage
               [1]
Overfull \hbox (23.9472pt too wide) in paragraph at lines 91--97
[][] 
 []

[2] (Geräteklassifizierung.lof)
\tf@lof=\write7
\openout7 = `Geräteklassifizierung.lof'.

 (Geräteklassifizierung.lot)
\tf@lot=\write8
\openout8 = `Geräteklassifizierung.lot'.



LaTeX Warning: Empty bibliography on input line 109.

[3]
Package atveryend Info: Empty hook `BeforeClearDocument' on input line 127.
Package atveryend Info: Empty hook `AfterLastShipout' on input line 127.
 (Geräteklassifizierung.aux)
Package atveryend Info: Executing hook `AtVeryEndDocument' on input line 127.
Package atveryend Info: Executing hook `AtEndAfterFileList' on input line 127.
Package rerunfilecheck Info: File `Geräteklassifizierung.out' has not changed.

(rerunfilecheck)             Checksum: 1666FB5154E3B83468278B9F00127212;76.
Package logreq Info: Writing requests to 'Geräteklassifizierung.run.xml'.
\openout1 = `Geräteklassifizierung.run.xml'.

Package atveryend Info: Empty hook `AtVeryVeryEnd' on input line 127.
 ) 
Here is how much of TeX's memory you used:
 38038 strings out of 492895
 728402 string characters out of 3117196
 1234913 words of memory out of 3000000
 41484 multiletter control sequences out of 15000+200000
 541760 words of font info for 39 fonts, out of 3000000 for 9000
 1141 hyphenation exceptions out of 8191
 55i,11n,65p,1149b,745s stack positions out of 5000i,500n,10000p,200000b,50000s
 <C:\Users\Benjamin A. Zeliska\AppData\Local\MiKTeX\2.9\fonts/pk/ljfour/jknap
pen/ec/dpi600\ecbx1000.pk> <C:\Users\Benjamin A. Zeliska\AppData\Local\MiKTeX\2
.9\fonts/pk/ljfour/jknappen/ec/dpi600\ecrm1200.pk> <C:\Users\Benjamin A. Zelisk
a\AppData\Local\MiKTeX\2.9\fonts/pk/ljfour/jknappen/ec/dpi600\eccc1000.pk> <C:\
Users\Benjamin A. Zeliska\AppData\Local\MiKTeX\2.9\fonts/pk/ljfour/jknappen/ec/
dpi600\ecrm1000.pk> <C:\Users\Benjamin A. Zeliska\AppData\Local\MiKTeX\2.9\font
s/pk/ljfour/jknappen/ec/dpi600\ecbx1440.pk> <C:\Users\Benjamin A. Zeliska\AppDa
ta\Local\MiKTeX\2.9\fonts/pk/ljfour/jknappen/ec/dpi600\eccc1440.pk> <C:\Users\B
enjamin A. Zeliska\AppData\Local\MiKTeX\2.9\fonts/pk/ljfour/jknappen/ec/dpi600\
eccc1200.pk> <C:\Users\Benjamin A. Zeliska\AppData\Local\MiKTeX\2.9\fonts/pk/lj
four/jknappen/ec/dpi600\eccc1728.pk> <C:\Users\Benjamin A. Zeliska\AppData\Loca
l\MiKTeX\2.9\fonts/pk/ljfour/jknappen/ec/dpi600\ecbx2074.pk>
Output written on Geräteklassifizierung.pdf (4 pages, 79685 bytes).
PDF statistics:
 271 PDF objects out of 1000 (max. 8388607)
 9 named destinations out of 1000 (max. 500000)
 21 words of extra memory for PDF output out of 10000 (max. 10000000)

